2026-02-19 18:01:02,897 INFO o.a.j.u.JMeterUtils: Setting Locale to en_EN
2026-02-19 18:01:02,918 INFO o.a.j.JMeter: Loading user properties from: user.properties
2026-02-19 18:01:02,918 INFO o.a.j.JMeter: Loading system properties from: system.properties
2026-02-19 18:01:02,927 INFO o.a.j.JMeter: Copyright (c) 1998-2024 The Apache Software Foundation
2026-02-19 18:01:02,928 INFO o.a.j.JMeter: Version 5.6.3
2026-02-19 18:01:02,928 INFO o.a.j.JMeter: java.version=24.0.2
2026-02-19 18:01:02,928 INFO o.a.j.JMeter: java.vm.name=Java HotSpot(TM) 64-Bit Server VM
2026-02-19 18:01:02,928 INFO o.a.j.JMeter: os.name=Windows 10
2026-02-19 18:01:02,928 INFO o.a.j.JMeter: os.arch=amd64
2026-02-19 18:01:02,928 INFO o.a.j.JMeter: os.version=10.0
2026-02-19 18:01:02,928 INFO o.a.j.JMeter: file.encoding=UTF-8
2026-02-19 18:01:02,928 INFO o.a.j.JMeter: java.awt.headless=true
2026-02-19 18:01:02,928 INFO o.a.j.JMeter: Max memory     =1073741824
2026-02-19 18:01:02,928 INFO o.a.j.JMeter: Available Processors =8
2026-02-19 18:01:02,955 INFO o.a.j.JMeter: Default Locale=English (EN)
2026-02-19 18:01:02,956 INFO o.a.j.JMeter: JMeter  Locale=English (EN)
2026-02-19 18:01:02,956 INFO o.a.j.JMeter: JMeterHome=C:\Dev\curso_Programador_Full_Stack\UC11-Testes de Front-End\apache jmeter 5.6.3
2026-02-19 18:01:02,956 INFO o.a.j.JMeter: user.dir  =C:\Dev\curso_Programador_Full_Stack\UC11-Testes de Front-End\apache jmeter 5.6.3\bin
2026-02-19 18:01:02,956 INFO o.a.j.JMeter: PWD       =C:\Dev\curso_Programador_Full_Stack\UC11-Testes de Front-End\apache jmeter 5.6.3\bin
2026-02-19 18:01:02,959 INFO o.a.j.JMeter: IP: 192.168.1.2 Name: MagnoVGomes-PC FullName: 192.168.1.2
2026-02-19 18:01:02,993 INFO o.a.j.r.RmiUtils: System property 'java.rmi.server.hostname' is not defined, using localHost address
2026-02-19 18:01:02,994 INFO o.a.j.r.RmiUtils: Local IP address=192.168.1.2
2026-02-19 18:01:03,064 ERROR o.a.j.JMeter: Giving up, as server failed with:
java.rmi.server.ExportException: Listen failed on port: 0; nested exception is: 
	java.io.FileNotFoundException: rmi_keystore.jks (O sistema não pode encontrar o arquivo especificado)
	at java.rmi/sun.rmi.transport.tcp.TCPTransport.listen(TCPTransport.java:311) ~[?:?]
	at java.rmi/sun.rmi.transport.tcp.TCPTransport.exportObject(TCPTransport.java:223) ~[?:?]
	at java.rmi/sun.rmi.transport.tcp.TCPEndpoint.exportObject(TCPEndpoint.java:405) ~[?:?]
	at java.rmi/sun.rmi.transport.LiveRef.exportObject(LiveRef.java:147) ~[?:?]
	at java.rmi/sun.rmi.server.UnicastServerRef.exportObject(UnicastServerRef.java:226) ~[?:?]
	at java.rmi/java.rmi.server.UnicastRemoteObject.exportObject(UnicastRemoteObject.java:473) ~[?:?]
	at java.rmi/java.rmi.server.UnicastRemoteObject.exportObject(UnicastRemoteObject.java:384) ~[?:?]
	at java.rmi/java.rmi.server.UnicastRemoteObject.<init>(UnicastRemoteObject.java:257) ~[?:?]
	at org.apache.jmeter.engine.RemoteJMeterEngineImpl.<init>(RemoteJMeterEngineImpl.java:68) ~[ApacheJMeter_core.jar:5.6.3]
	at org.apache.jmeter.engine.RemoteJMeterEngineImpl.startServer(RemoteJMeterEngineImpl.java:74) ~[ApacheJMeter_core.jar:5.6.3]
	at org.apache.jmeter.JMeter.start(JMeter.java:464) [ApacheJMeter_core.jar:5.6.3]
	at java.base/jdk.internal.reflect.DirectMethodHandleAccessor.invoke(DirectMethodHandleAccessor.java:104) ~[?:?]
	at java.base/java.lang.reflect.Method.invoke(Method.java:565) ~[?:?]
	at org.apache.jmeter.NewDriver.main(NewDriver.java:259) [ApacheJMeter.jar:5.6.3]
Caused by: java.io.FileNotFoundException: rmi_keystore.jks (O sistema não pode encontrar o arquivo especificado)
	at java.base/java.io.FileInputStream.open0(Native Method) ~[?:?]
	at java.base/java.io.FileInputStream.open(FileInputStream.java:185) ~[?:?]
	at java.base/java.io.FileInputStream.<init>(FileInputStream.java:139) ~[?:?]
	at java.base/java.io.FileInputStream.<init>(FileInputStream.java:109) ~[?:?]
	at org.apache.jmeter.rmi.SSLRMIServerSocketFactory.loadStore(SSLRMIServerSocketFactory.java:147) ~[ApacheJMeter_core.jar:5.6.3]
	at org.apache.jmeter.rmi.SSLRMIServerSocketFactory.createServerSocket(SSLRMIServerSocketFactory.java:99) ~[ApacheJMeter_core.jar:5.6.3]
	at java.rmi/sun.rmi.transport.tcp.TCPEndpoint.newServerSocket(TCPEndpoint.java:662) ~[?:?]
	at java.rmi/sun.rmi.transport.tcp.TCPTransport.listen(TCPTransport.java:299) ~[?:?]
	... 13 more
2026-02-19 18:01:03,073 ERROR o.a.j.JMeter: An error occurred: 
java.rmi.server.ExportException: Listen failed on port: 0; nested exception is: 
	java.io.FileNotFoundException: rmi_keystore.jks (O sistema não pode encontrar o arquivo especificado)
	at java.rmi/sun.rmi.transport.tcp.TCPTransport.listen(TCPTransport.java:311) ~[?:?]
	at java.rmi/sun.rmi.transport.tcp.TCPTransport.exportObject(TCPTransport.java:223) ~[?:?]
	at java.rmi/sun.rmi.transport.tcp.TCPEndpoint.exportObject(TCPEndpoint.java:405) ~[?:?]
	at java.rmi/sun.rmi.transport.LiveRef.exportObject(LiveRef.java:147) ~[?:?]
	at java.rmi/sun.rmi.server.UnicastServerRef.exportObject(UnicastServerRef.java:226) ~[?:?]
	at java.rmi/java.rmi.server.UnicastRemoteObject.exportObject(UnicastRemoteObject.java:473) ~[?:?]
	at java.rmi/java.rmi.server.UnicastRemoteObject.exportObject(UnicastRemoteObject.java:384) ~[?:?]
	at java.rmi/java.rmi.server.UnicastRemoteObject.<init>(UnicastRemoteObject.java:257) ~[?:?]
	at org.apache.jmeter.engine.RemoteJMeterEngineImpl.<init>(RemoteJMeterEngineImpl.java:68) ~[ApacheJMeter_core.jar:5.6.3]
	at org.apache.jmeter.engine.RemoteJMeterEngineImpl.startServer(RemoteJMeterEngineImpl.java:74) ~[ApacheJMeter_core.jar:5.6.3]
	at org.apache.jmeter.JMeter.start(JMeter.java:464) [ApacheJMeter_core.jar:5.6.3]
	at java.base/jdk.internal.reflect.DirectMethodHandleAccessor.invoke(DirectMethodHandleAccessor.java:104) ~[?:?]
	at java.base/java.lang.reflect.Method.invoke(Method.java:565) ~[?:?]
	at org.apache.jmeter.NewDriver.main(NewDriver.java:259) [ApacheJMeter.jar:5.6.3]
Caused by: java.io.FileNotFoundException: rmi_keystore.jks (O sistema não pode encontrar o arquivo especificado)
	at java.base/java.io.FileInputStream.open0(Native Method) ~[?:?]
	at java.base/java.io.FileInputStream.open(FileInputStream.java:185) ~[?:?]
	at java.base/java.io.FileInputStream.<init>(FileInputStream.java:139) ~[?:?]
	at java.base/java.io.FileInputStream.<init>(FileInputStream.java:109) ~[?:?]
	at org.apache.jmeter.rmi.SSLRMIServerSocketFactory.loadStore(SSLRMIServerSocketFactory.java:147) ~[ApacheJMeter_core.jar:5.6.3]
	at org.apache.jmeter.rmi.SSLRMIServerSocketFactory.createServerSocket(SSLRMIServerSocketFactory.java:99) ~[ApacheJMeter_core.jar:5.6.3]
	at java.rmi/sun.rmi.transport.tcp.TCPEndpoint.newServerSocket(TCPEndpoint.java:662) ~[?:?]
	at java.rmi/sun.rmi.transport.tcp.TCPTransport.listen(TCPTransport.java:299) ~[?:?]
	... 13 more
